0 info it worked if it ends with ok
1 verbose cli [ '/usr/bin/nodejs', '/usr/bin/npm', 'install', '-g', 'phonegap' ]
2 info using npm@1.3.10
3 info using node@v0.10.25
4 verbose cache add [ 'phonegap', null ]
5 verbose cache add name=undefined spec="phonegap" args=["phonegap",null]
6 verbose parsed url { protocol: null,
6 verbose parsed url   slashes: null,
6 verbose parsed url   auth: null,
6 verbose parsed url   host: null,
6 verbose parsed url   port: null,
6 verbose parsed url   hostname: null,
6 verbose parsed url   hash: null,
6 verbose parsed url   search: null,
6 verbose parsed url   query: null,
6 verbose parsed url   pathname: 'phonegap',
6 verbose parsed url   path: 'phonegap',
6 verbose parsed url   href: 'phonegap' }
7 silly lockFile 10db903f-phonegap phonegap
8 verbose lock phonegap /home/hmm/.npm/10db903f-phonegap.lock
9 silly lockFile 10db903f-phonegap phonegap
10 silly lockFile 10db903f-phonegap phonegap
11 verbose addNamed [ 'phonegap', '' ]
12 verbose addNamed [ null, '*' ]
13 silly lockFile 3a6257f3-phonegap phonegap@
14 verbose lock phonegap@ /home/hmm/.npm/3a6257f3-phonegap.lock
15 silly addNameRange { name: 'phonegap', range: '*', hasData: false }
16 verbose url raw phonegap
17 verbose url resolving [ 'https://registry.npmjs.org/', './phonegap' ]
18 verbose url resolved https://registry.npmjs.org/phonegap
19 info trying registry request attempt 1 at 23:38:34
20 verbose etag "BV6N31DT4AY6RJUTPJTM08UBT"
21 http GET https://registry.npmjs.org/phonegap
22 info retry will retry, error on last attempt: Error: tunneling socket could not be established, cause=connect ETIMEDOUT
23 info trying registry request attempt 2 at 23:40:51
24 verbose etag "BV6N31DT4AY6RJUTPJTM08UBT"
25 http GET https://registry.npmjs.org/phonegap
26 info retry will retry, error on last attempt: Error: tunneling socket could not be established, cause=connect ETIMEDOUT
27 info trying registry request attempt 3 at 23:43:58
28 verbose etag "BV6N31DT4AY6RJUTPJTM08UBT"
29 http GET https://registry.npmjs.org/phonegap
30 silly registry.get cb [ 304, undefined ]
31 verbose etag phonegap from cache
32 silly addNameRange number 2 { name: 'phonegap', range: '*', hasData: true }
33 silly addNameRange versions [ 'phonegap',
33 silly addNameRange   [ '0.2.0',
33 silly addNameRange     '0.2.1',
33 silly addNameRange     '0.2.2',
33 silly addNameRange     '0.3.0',
33 silly addNameRange     '0.4.0',
33 silly addNameRange     '0.4.1',
33 silly addNameRange     '0.5.0',
33 silly addNameRange     '0.6.0',
33 silly addNameRange     '0.6.1',
33 silly addNameRange     '0.7.0',
33 silly addNameRange     '0.7.1',
33 silly addNameRange     '0.7.2',
33 silly addNameRange     '0.7.3',
33 silly addNameRange     '0.7.4',
33 silly addNameRange     '0.7.5',
33 silly addNameRange     '0.7.6',
33 silly addNameRange     '0.7.7',
33 silly addNameRange     '0.7.8',
33 silly addNameRange     '0.8.0',
33 silly addNameRange     '0.8.1',
33 silly addNameRange     '0.9.0',
33 silly addNameRange     '0.9.1',
33 silly addNameRange     '0.9.2',
33 silly addNameRange     '0.9.3',
33 silly addNameRange     '0.9.4',
33 silly addNameRange     '2.8.0-0.10.0',
33 silly addNameRange     '2.8.0-0.10.1',
33 silly addNameRange     '2.8.0-0.10.2',
33 silly addNameRange     '2.8.0-0.10.3',
33 silly addNameRange     '2.8.0-0.10.4',
33 silly addNameRange     '2.8.0-0.10.6',
33 silly addNameRange     '2.8.1-0.11.0',
33 silly addNameRange     '2.9.0-0.12.2',
33 silly addNameRange     '2.9.0-0.12.3',
33 silly addNameRange     '2.9.0-0.12.4',
33 silly addNameRange     '2.9.0-0.12.5',
33 silly addNameRange     '2.9.0-0.12.6',
33 silly addNameRange     '2.9.0-0.12.7',
33 silly addNameRange     '2.9.0-0.12.8',
33 silly addNameRange     '2.9.0-rc1-0.12.0',
33 silly addNameRange     '2.9.0-rc1-0.12.1',
33 silly addNameRange     '2.9.0-rc1-0.12.2',
33 silly addNameRange     '2.9.0-0.12.9',
33 silly addNameRange     '2.9.0-0.12.10',
33 silly addNameRange     '2.9.0-0.12.11',
33 silly addNameRange     '2.9.0-0.13.0',
33 silly addNameRange     '2.9.0-0.13.1',
33 silly addNameRange     '2.9.0-0.13.2',
33 silly addNameRange     '3.0.0-rc1-0.13.2',
33 silly addNameRange     '3.0.0-rc1-0.13.3',
33 silly addNameRange     '3.0.0-0.14.0',
33 silly addNameRange     '3.0.0-0.14.1',
33 silly addNameRange     '3.0.0-0.14.2',
33 silly addNameRange     '3.0.0-0.14.3',
33 silly addNameRange     '3.0.0-0.14.4',
33 silly addNameRange     '3.1.0-0.15.0',
33 silly addNameRange     '3.2.0-0.15.0',
33 silly addNameRange     '3.2.0-0.16.0',
33 silly addNameRange     '3.2.0-0.17.0',
33 silly addNameRange     '3.2.0-0.17.1',
33 silly addNameRange     '3.3.0-0.17.1',
33 silly addNameRange     '3.3.0-0.18.0',
33 silly addNameRange     '3.3.0-0.18.1',
33 silly addNameRange     '3.3.0-0.19.0',
33 silly addNameRange     '3.3.0-0.19.1',
33 silly addNameRange     '3.3.0-0.19.2',
33 silly addNameRange     '3.3.0-0.19.3',
33 silly addNameRange     '3.3.0-0.19.4',
33 silly addNameRange     '3.3.0-0.19.5',
33 silly addNameRange     '3.3.0-0.19.6',
33 silly addNameRange     '3.4.0-0.19.7',
33 silly addNameRange     '3.4.0-0.19.8',
33 silly addNameRange     '3.4.0-0.19.9',
33 silly addNameRange     '3.4.0-0.19.10',
33 silly addNameRange     '3.4.0-0.19.11',
33 silly addNameRange     '3.4.0-0.19.12',
33 silly addNameRange     '3.4.0-0.19.13',
33 silly addNameRange     '3.4.0-0.19.14',
33 silly addNameRange     '3.4.0-0.19.15',
33 silly addNameRange     '3.4.0-0.19.16',
33 silly addNameRange     '3.4.0-0.19.17',
33 silly addNameRange     '3.4.0-0.19.18',
33 silly addNameRange     '3.4.0-0.19.19',
33 silly addNameRange     '3.4.0-0.19.20',
33 silly addNameRange     '3.4.0-0.19.21',
33 silly addNameRange     '3.4.0-0.20.0',
33 silly addNameRange     '3.5.0-0.19.23',
33 silly addNameRange     '3.5.0-0.20.0',
33 silly addNameRange     '3.5.0-0.20.1',
33 silly addNameRange     '3.5.0-0.20.3',
33 silly addNameRange     '3.5.0-0.20.4',
33 silly addNameRange     '3.5.0-0.20.5',
33 silly addNameRange     '3.5.0-0.20.6',
33 silly addNameRange     '3.5.0-0.20.7',
33 silly addNameRange     '3.5.0-0.20.9',
33 silly addNameRange     '3.5.0-0.20.10',
33 silly addNameRange     '3.5.0-0.20.14',
33 silly addNameRange     '3.5.0-0.21.14',
33 silly addNameRange     '3.5.0-0.21.15',
33 silly addNameRange     '3.5.0-0.21.16',
33 silly addNameRange     '3.5.0-0.21.17',
33 silly addNameRange     '3.5.0-0.21.18',
33 silly addNameRange     '3.6.0-0.21.18',
33 silly addNameRange     '3.6.0-0.21.19',
33 silly addNameRange     '3.6.3-0.22.0',
33 silly addNameRange     '3.6.3-0.22.1',
33 silly addNameRange     '3.6.3-0.22.2',
33 silly addNameRange     '3.6.3-0.22.3',
33 silly addNameRange     '3.6.3-0.22.4',
33 silly addNameRange     '3.6.3-0.22.5',
33 silly addNameRange     '3.6.3-0.22.6',
33 silly addNameRange     '3.6.3-0.22.7',
33 silly addNameRange     '4.0.0-0.22.7',
33 silly addNameRange     '4.1.2-0.22.7',
33 silly addNameRange     '4.1.2-0.22.8',
33 silly addNameRange     '4.1.2-0.22.9',
33 silly addNameRange     '4.1.2-0.22.10',
33 silly addNameRange     '4.1.2-0.22.11',
33 silly addNameRange     '4.1.2-0.22.12',
33 silly addNameRange     '4.2.0-0.23.0',
33 silly addNameRange     '4.2.0-0.24.0',
33 silly addNameRange     '4.2.0-0.24.1',
33 silly addNameRange     '4.2.0-0.24.2',
33 silly addNameRange     '4.2.0-0.25.0',
33 silly addNameRange     '4.2.0-0.26.0',
33 silly addNameRange     '5.0.0-0.27.0',
33 silly addNameRange     '5.0.0-0.27.1',
33 silly addNameRange     '5.0.0-0.28.0' ] ]
34 verbose addNamed [ 'phonegap', '5.0.0-0.28.0' ]
35 verbose addNamed [ '5.0.0-0.28.0', '5.0.0-0.28.0' ]
36 silly lockFile b02c1a74-phonegap-5-0-0-0-28-0 phonegap@5.0.0-0.28.0
37 verbose lock phonegap@5.0.0-0.28.0 /home/hmm/.npm/b02c1a74-phonegap-5-0-0-0-28-0.lock
38 silly lockFile b02c1a74-phonegap-5-0-0-0-28-0 phonegap@5.0.0-0.28.0
39 silly lockFile b02c1a74-phonegap-5-0-0-0-28-0 phonegap@5.0.0-0.28.0
40 silly lockFile 3a6257f3-phonegap phonegap@
41 silly lockFile 3a6257f3-phonegap phonegap@
42 silly resolved [ { name: 'phonegap',
42 silly resolved     description: 'PhoneGap command-line interface and node.js library.',
42 silly resolved     version: '5.0.0-0.28.0',
42 silly resolved     homepage: 'http://github.com/phonegap/phonegap-cli',
42 silly resolved     repository:
42 silly resolved      { type: 'git',
42 silly resolved        url: 'git://github.com/phonegap/phonegap-cli.git' },
42 silly resolved     keywords:
42 silly resolved      [ 'cli',
42 silly resolved        'cordova',
42 silly resolved        'phonegap',
42 silly resolved        'phonegap build',
42 silly resolved        'phonegap/build' ],
42 silly resolved     preferGlobal: 'true',
42 silly resolved     main: './lib/main.js',
42 silly resolved     bin: { phonegap: './bin/phonegap.js' },
42 silly resolved     scripts: { test: 'jasmine-node --color spec' },
42 silly resolved     engineStrict: 'true',
42 silly resolved     engines: { node: '>=0.10.0' },
42 silly resolved     dependencies:
42 silly resolved      { colors: '0.6.0-1',
42 silly resolved        'connect-phonegap': '0.16.0',
42 silly resolved        cordova: '5.0.0',
42 silly resolved        minimist: '0.1.0',
42 silly resolved        'phonegap-build': '0.9.1',
42 silly resolved        pluralize: '0.0.4',
42 silly resolved        prompt: '0.2.11',
42 silly resolved        'qrcode-terminal': '0.9.4',
42 silly resolved        semver: '1.1.0',
42 silly resolved        shelljs: '0.1.4' },
42 silly resolved     devDependencies: { 'jasmine-node': '1.14.5', chdir: '0.0.x' },
42 silly resolved     optionalDependencies: {},
42 silly resolved     contributors: [ [Object], [Object], [Object], [Object], [Object] ],
42 silly resolved     templates:
42 silly resolved      { blank: [Object],
42 silly resolved        'hello-world': [Object],
42 silly resolved        'hello-cordova': [Object],
42 silly resolved        'jquery-mobile-starter': [Object] },
42 silly resolved     readme: '# PhoneGap CLI [![Build Status][travis-ci-img]][travis-ci-url] [![bitHound Score][bithound-img]][bithound-url]\n\n> PhoneGap command-line interface and Node.js library.\n\n## Command-line\n\n### Requirements\n\n- [Install node.js](http://nodejs.org/) version `>=0.10.x`\n- [Install ios-sim](https://github.com/phonegap/ios-sim#installation) to deploy apps to the iOS simulator.\n\n### Install\n\n    $ npm install -g phonegap\n\n### Getting Started\n\n    $ phonegap create my-app    # create a PhoneGap project\n    $ cd my-app                 # change to project directory\n    $ phonegap run ios          # build and install the app to iOS\n\n### Usage\n\n    Usage: phonegap [options] [commands]\n\n    Description:\n\n      PhoneGap command-line tool.\n\n    Commands:\n\n      create <path>        create a phonegap project\n      build <platform>     build the project for specific platform\n      install <platform>   install the project on a specific platform\n      run <platform>       build and install the projectfor specific platform\n      serve                serve a phonegap project\n      local [command]      development on local system\n      remote [command]     development in cloud with phonegap/build\n      platform [command]   update a platform version\n      help [command]       output usage information\n      version              output version number\n\n    Options:\n\n      -d, --verbose        allow verbose output\n      -v, --version        output version number\n      -h, --help           output usage information\n\n    Platforms:\n\n      keyword            | local environment | remote environment\n      -------------------|-------------------|-------------------\n      android            | ✔                 | ✔\n      blackberry10       | ✔                 | ✖\n      ios                | ✔                 | ✔\n      wp8                | ✔                 | ✔\n\n\n    Examples:\n\n      $ phonegap help create\n      $ phonegap help remote build\n      $ phonegap create path/to/my-app\n      $ phonegap remote build android\n\n#### Local Usage\n\n    Usage: phonegap local [command]\n\n    Description:\n\n      Executes the command on the local system.\n\n      This requires that platform SDK is correctly installed.\n\n    Commands:\n\n      build <platform>     build a specific platform\n      install <platform>   install a specific platform\n      run <platform>       build and install a specific platform\n      plugin <command>     add, remove, and list plugins\n\n    Examples:\n\n      $ phonegap local build android\n      $ phonegap local run android\n      $ phonegap local plugin list\n\n#### Remote Usage\n\n    Usage: phonegap remote [command]\n\n    Description:\n\n      Executes the command remotely using the cloud-based PhoneGap/Build service.\n\n    Commands:\n\n      login                login to PhoneGap/Build\n      logout               logout of PhoneGap/Build\n      build <platform>     build a specific platform\n      install <platform>   install a specific platform\n      run <platform>       build and install a specific platform\n\n    Examples:\n\n      $ phonegap remote login\n      $ phonegap remote build android\n      $ phonegap remote run android\n\n## Node Library\n\n### Usage\n\n    var phonegap = require(\'phonegap\');\n\n## App Templates\n\nTemplates allow you to create a new app from an existing app template. The\nnice part about templates is that they are simply a Cordova-compatible app.\nAny existing app can be a template.\n\nYou can list the available templates with:\n\n    $ phonegap template list\n\nYou can create a new project from a template with:\n\n    $ phonegap create my-app --template hello-world\n\n### Adding a New Template\n\nAdding a new template is easy.\n\n1. Add your template to the [package.json template section][package-template].\n\n        // the key is your template name (e.g. hello-world)\n        // the url is a HTTP URL to a .tar.gz.\n        {\n          "templates": {\n            "hello-world": {\n              "description": "Default hello world app for PhoneGap.",\n              "url": "https://github.com/phonegap/phonegap-app-hello-world/archive/master.tar.gz"\n            }\n          }\n        }\n\n1. Send us a pull request!\n\n## FAQ\n\n### phonegap: command not found\n\n#### Problem\n\nThe PhoneGap CLI installs successfully but you do not have a command `phonegap`.\n\n#### Reason\n\nDepending on how `node` and `npm` were installed, your globally installed npm\nmodules may not be in your `PATH`.\n\n#### Solution\n\nAt the bottom of your `npm install -g phonegap` installation log, you will see the following:\n\n    ...\n    /usr/local/share/npm/bin/phonegap -> /usr/local/share/npm/lib/node_modules/phonegap/bin/phonegap.js\n    ...\n\n_(Your path may be slightly different)_\n\nOpen `~/.profile` or `~/.bashrc`, depending on what exists on your system, and add following line:\n\n    export PATH=$PATH:/usr/local/share/npm/bin\n\nOpen a new terminal tab or type the following command:\n\n    $ source ~/.profile\n    or\n    $ source ~/.bashrc\n\nThe command `phonegap` should now be available to you.\n\n### The provided path is not an Android project\n\n#### Problem\n\nYou receive the following error message when building an Android project:\n\n    throw new Error(\'The provided path "\' + project + \'" is not an Android\n\n#### Reason\n\nThe first time that you build for a platform, the framework is downloaded from Apache Cordova.\n\nThe framework is stored locally in your home directory, such as `~/.cordova/lib`.\n\nSometimes the framework is corrupted during the download. It can exist for two\nknow reasons:\n\n1. Your Android SDK environment is not properly configured.\n1. Unknown issue related to Apache\'s servers or the untar operation.\n\n#### Solution\n\nFirst, you must properly configure your Android environment by following\nthe [platform setup guide](http://docs.phonegap.com/en/3.0.0/guide_platforms_android_index.md.html).\n\nNext, you must delete the cached Cordova Android framework (`x.x.x` is your version):\n\n    ~/.cordova/lib/android/cordova/x.x.x\n\nNext, you can try to rebuild the project. Enabling verbose mode is sometimes helpful:\n\n    $ phonegap build android --verbose\n\n## Upgrading Cordova\n\nThere are a few steps that should be taken when upgrading to a new version of the\n[cordova-cli](http://github.com/apache/cordova-cli).\n\n1. Update the `package.json` dependencies version for `cordova`.\n\n        {\n          "dependencies": {\n            "cordova": "3.1.0"\n          }\n        }\n\n1. Update the `package.json` version.\n\n        {\n          "version": "3.1.0-0.15.0"\n        }\n\n1. Run the tests.\n\n        $ npm test\n\n1. Commit stating the version increment.\n\n        $ git commit -am "Version 3.1.0-0.15.0"\n\n1. Tag the version commit.\n\n        $ git tag 3.1.0-0.15.0\n\n1. Update the [PhoneGap Hello World App](https://github.com/phonegap/phonegap-app-hello-world) to match the new version.\n  - See [Update instructions](https://github.com/phonegap/phonegap-app-hello-world#updating-the-application).\n  - In the above example, we would update the app to `3.1.0`.\n1. Manually test that the latest Hello World app is lazy-loaded.\n\n        # Link the phonegap-cli for easier development (only need to do once).\n\n        $ cd phonegap-cli/\n        $ [sudo] npm link .\n\n        # Manually test and verify hello world app is lazy-loaded.\n\n        $ phonegap create my-app\n        [phonegap] missing library phonegap/www/3.1.0\n        [phonegap] downloading https://github.com/phonegap/phonegap-app-hello-world/archive/3.1.0.tar.gz...\n        [phonegap] created project at /Users/mwbrooks/Development/sandbox/my-app\n\n        $ cd my-app/\n        $ phonegap run ios\n\n1. Push the git commit after the Hello World has been updated.\n\n        $ git push phonegap master\n\n1. Publish the npm release.\n\n        $ npm publish\n\n[travis-ci-img]: https://travis-ci.org/phonegap/phonegap-cli.svg?branch=master\n[travis-ci-url]: http://travis-ci.org/phonegap/phonegap-cli\n[package-template]: https://github.com/phonegap/phonegap-cli/blob/035057713c613cc0488e4b0beb5b72c4c820d54a/package.json#L67-L76\n[bithound-img]: https://www.bithound.io/github/phonegap/phonegap-cli/badges/score.svg\n[bithound-url]: https://www.bithound.io/github/phonegap/phonegap-cli\n\n',
42 silly resolved     readmeFilename: 'README.md',
42 silly resolved     bugs: { url: 'https://github.com/phonegap/phonegap-cli/issues' },
42 silly resolved     _id: 'phonegap@5.0.0-0.28.0',
42 silly resolved     _from: 'phonegap@' } ]
43 info install phonegap@5.0.0-0.28.0 into /usr/local/lib
44 info installOne phonegap@5.0.0-0.28.0
45 info /usr/local/lib/node_modules/phonegap unbuild
46 verbose tar unpack /home/hmm/.npm/phonegap/5.0.0-0.28.0/package.tgz
47 silly lockFile f38db7ac--local-lib-node-modules-phonegap tar:///usr/local/lib/node_modules/phonegap
48 verbose lock tar:///usr/local/lib/node_modules/phonegap /home/hmm/.npm/f38db7ac--local-lib-node-modules-phonegap.lock
49 silly lockFile b8a0bcb5-honegap-5-0-0-0-28-0-package-tgz tar:///home/hmm/.npm/phonegap/5.0.0-0.28.0/package.tgz
50 verbose lock tar:///home/hmm/.npm/phonegap/5.0.0-0.28.0/package.tgz /home/hmm/.npm/b8a0bcb5-honegap-5-0-0-0-28-0-package-tgz.lock
51 silly gunzTarPerm modes [ '755', '644' ]
52 error Error: EACCES, mkdir '/usr/local/lib/node_modules/phonegap'
52 error  { [Error: EACCES, mkdir '/usr/local/lib/node_modules/phonegap']
52 error   errno: 3,
52 error   code: 'EACCES',
52 error   path: '/usr/local/lib/node_modules/phonegap',
52 error   fstream_type: 'Directory',
52 error   fstream_path: '/usr/local/lib/node_modules/phonegap',
52 error   fstream_class: 'DirWriter',
52 error   fstream_stack:
52 error    [ '/usr/lib/nodejs/fstream/lib/dir-writer.js:36:23',
52 error      '/usr/lib/nodejs/mkdirp/index.js:37:53',
52 error      'Object.oncomplete (fs.js:107:15)' ] }
53 error Please try running this command again as root/Administrator.
54 error System Linux 3.13.0-37-generic
55 error command "/usr/bin/nodejs" "/usr/bin/npm" "install" "-g" "phonegap"
56 error cwd /home/hmm/tdlog/projet-tdlog
57 error node -v v0.10.25
58 error npm -v 1.3.10
59 error path /usr/local/lib/node_modules/phonegap
60 error fstream_path /usr/local/lib/node_modules/phonegap
61 error fstream_type Directory
62 error fstream_class DirWriter
63 error code EACCES
64 error errno 3
65 error stack Error: EACCES, mkdir '/usr/local/lib/node_modules/phonegap'
66 error fstream_stack /usr/lib/nodejs/fstream/lib/dir-writer.js:36:23
66 error fstream_stack /usr/lib/nodejs/mkdirp/index.js:37:53
66 error fstream_stack Object.oncomplete (fs.js:107:15)
67 verbose exit [ 3, true ]
